0 info it worked if it ends with ok
1 verbose cli [ 'node', '/usr/local/bin/npm', 'install', 'keygrib', '--save' ]
2 info using npm@1.3.24
3 info using node@v0.10.25
4 warn package.json frgjkf@0.0.0 No description
5 warn package.json frgjkf@0.0.0 No repository field.
6 warn package.json frgjkf@0.0.0 No README data
7 verbose readDependencies using package.json deps
8 verbose cache add [ 'keygrib', null ]
9 verbose cache add name=undefined spec="keygrib" args=["keygrib",null]
10 verbose parsed url { protocol: null,
10 verbose parsed url   slashes: null,
10 verbose parsed url   auth: null,
10 verbose parsed url   host: null,
10 verbose parsed url   port: null,
10 verbose parsed url   hostname: null,
10 verbose parsed url   hash: null,
10 verbose parsed url   search: null,
10 verbose parsed url   query: null,
10 verbose parsed url   pathname: 'keygrib',
10 verbose parsed url   path: 'keygrib',
10 verbose parsed url   href: 'keygrib' }
11 silly lockFile 23c555c4-keygrib keygrib
12 verbose lock keygrib /Users/arkade/.npm/23c555c4-keygrib.lock
13 silly lockFile 23c555c4-keygrib keygrib
14 silly lockFile 23c555c4-keygrib keygrib
15 verbose addNamed [ 'keygrib', '' ]
16 verbose addNamed [ null, '*' ]
17 silly lockFile 1e02ec86-keygrib keygrib@
18 verbose lock keygrib@ /Users/arkade/.npm/1e02ec86-keygrib.lock
19 silly addNameRange { name: 'keygrib', range: '*', hasData: false }
20 verbose url raw keygrib
21 verbose url resolving [ 'https://registry.npmjs.org/', './keygrib' ]
22 verbose url resolved https://registry.npmjs.org/keygrib
23 info trying registry request attempt 1 at 10:40:20
24 http GET https://registry.npmjs.org/keygrib
25 http 404 https://registry.npmjs.org/keygrib
26 silly registry.get cb [ 404,
26 silly registry.get   { date: 'Tue, 09 Sep 2014 00:40:24 GMT',
26 silly registry.get     server: 'CouchDB/1.5.0 (Erlang OTP/R16B03)',
26 silly registry.get     'content-type': 'application/json',
26 silly registry.get     'cache-control': 'max-age=0',
26 silly registry.get     'content-length': '52',
26 silly registry.get     'accept-ranges': 'bytes',
26 silly registry.get     via: '1.1 varnish',
26 silly registry.get     age: '0',
26 silly registry.get     'x-served-by': 'cache-syd1623-SYD',
26 silly registry.get     'x-cache': 'MISS',
26 silly registry.get     'x-cache-hits': '0',
26 silly registry.get     'x-timer': 'S1410223224.754207,VS0,VE188',
26 silly registry.get     'keep-alive': 'timeout=10, max=50',
26 silly registry.get     connection: 'Keep-Alive' } ]
27 silly lockFile 1e02ec86-keygrib keygrib@
28 silly lockFile 1e02ec86-keygrib keygrib@
29 error 404 'keygrib' is not in the npm registry.
29 error 404 You should bug the author to publish it
29 error 404 It was specified as a dependency of 'frgjkf'
29 error 404
29 error 404 Note that you can also install from a
29 error 404 tarball, folder, or http url, or git url.
30 error System Darwin 12.5.0
31 error command "node" "/usr/local/bin/npm" "install" "keygrib" "--save"
32 error cwd /Users/arkade/arkade-dev-will/experiments/angbone
33 error node -v v0.10.25
34 error npm -v 1.3.24
35 error code E404
36 verbose exit [ 1, true ]
